warning: Git tree '/home/moy/nixos' is dirty
building the system configuration...
warning: Git tree '/home/moy/nixos' is dirty
evaluation warning: The option `services.xserver.displayManager.autoLogin' defined in `/nix/store/6kph6ywyii05l4s5b8f95c00f4fc6hi8-source/configuration.nix' has been renamed to `services.displayManager.autoLogin'.
these 8 derivations will be built:
  /nix/store/908q9k32qkg13vd61v63k60h4n16dv5i-unit-systembus-notify.service.drv
  /nix/store/asilqnz7m3j29m2zb1yr77iia7a7m0qn-user-units.drv
  /nix/store/fvdff8k6dfv46q6w6f8hamim8vdkv5qi-system-generators.drv
  /nix/store/jjwif26166wqa58lymryymisscz5jfff-user-generators.drv
  /nix/store/n94k7q641z31kdksx8b8wx93wrfcf3ny-system-shutdown.drv
  /nix/store/rh3fn2jcpixin5hcwagi9xr7ng574643-system-units.drv
  /nix/store/amlg3sxadnpcr8n8hf36kcqjyg5c91h5-etc.drv
  /nix/store/4bkryz2qks7nxwmcly73z3dv3w35iq2l-nixos-system-nixos-24.11.20250126.4e96537.drv
this path will be fetched (0.00 MiB download, 0.02 MiB unpacked):
  /nix/store/6krgacpqxkxdx1bxirxa1c29dik5giya-systembus-notify-1.1
copying path '/nix/store/6krgacpqxkxdx1bxirxa1c29dik5giya-systembus-notify-1.1' from 'https://cache.nixos.org'...
building '/nix/store/908q9k32qkg13vd61v63k60h4n16dv5i-unit-systembus-notify.service.drv'...
building '/nix/store/fvdff8k6dfv46q6w6f8hamim8vdkv5qi-system-generators.drv'...
building '/nix/store/n94k7q641z31kdksx8b8wx93wrfcf3ny-system-shutdown.drv'...
building '/nix/store/rh3fn2jcpixin5hcwagi9xr7ng574643-system-units.drv'...
building '/nix/store/jjwif26166wqa58lymryymisscz5jfff-user-generators.drv'...
building '/nix/store/asilqnz7m3j29m2zb1yr77iia7a7m0qn-user-units.drv'...
building '/nix/store/amlg3sxadnpcr8n8hf36kcqjyg5c91h5-etc.drv'...
building '/nix/store/4bkryz2qks7nxwmcly73z3dv3w35iq2l-nixos-system-nixos-24.11.20250126.4e96537.drv'...
activating the configuration...
setting up /etc...
reloading user units for moy...
restarting sysinit-reactivation.target
